[I 2024-09-26 17:33:18.082 ServerApp] jupyter_lsp | extension was successfully linked.
[I 2024-09-26 17:33:18.086 ServerApp] jupyter_server_terminals | extension was successfully linked.
[I 2024-09-26 17:33:18.099 ServerApp] jupyterlab | extension was successfully linked.
[I 2024-09-26 17:33:18.105 ServerApp] notebook | extension was successfully linked.
[I 2024-09-26 17:33:19.220 ServerApp] notebook_shim | extension was successfully linked.
[I 2024-09-26 17:33:19.261 ServerApp] notebook_shim | extension was successfully loaded.
[I 2024-09-26 17:33:19.263 ServerApp] jupyter_lsp | extension was successfully loaded.
[I 2024-09-26 17:33:19.265 ServerApp] jupyter_server_terminals | extension was successfully loaded.
[I 2024-09-26 17:33:19.267 LabApp] JupyterLab extension loaded from /home/root2/code/stdash/.venv/lib/python3.11/site-packages/jupyterlab
[I 2024-09-26 17:33:19.267 LabApp] JupyterLab application directory is /home/root2/code/stdash/.venv/share/jupyter/lab
[I 2024-09-26 17:33:19.267 LabApp] Extension Manager is 'pypi'.
[I 2024-09-26 17:33:19.301 ServerApp] jupyterlab | extension was successfully loaded.
[I 2024-09-26 17:33:19.305 ServerApp] notebook | extension was successfully loaded.
[I 2024-09-26 17:33:19.306 ServerApp] Serving notebooks from local directory: /home/root2/code/stdash/note
[I 2024-09-26 17:33:19.306 ServerApp] Jupyter Server 2.14.2 is running at:
[I 2024-09-26 17:33:19.306 ServerApp] http://localhost:8888/lab?token=c436b9438ef2e10e0c97e32f17839a704ddc568af84e1ba8
[I 2024-09-26 17:33:19.306 ServerApp]     http://127.0.0.1:8888/lab?token=c436b9438ef2e10e0c97e32f17839a704ddc568af84e1ba8
[I 2024-09-26 17:33:19.306 ServerApp] Use Control-C to stop this server and shut down all kernels (twice to skip confirmation).
[C 2024-09-26 17:33:19.645 ServerApp] 
    
    To access the server, open this file in a browser:
        file:///home/root2/.local/share/jupyter/runtime/jpserver-1253399-open.html
    Or copy and paste one of these URLs:
        http://localhost:8888/lab?token=c436b9438ef2e10e0c97e32f17839a704ddc568af84e1ba8
        http://127.0.0.1:8888/lab?token=c436b9438ef2e10e0c97e32f17839a704ddc568af84e1ba8
WARNING: You don't seem to have any mimeinfo.cache files.
Try running the update-desktop-database command. If you
don't have this command you should install the
desktop-file-utils package. This package is available from
http://freedesktop.org/wiki/Software/desktop-file-utils/
No applications found for mimetype: text/html
./usr/bin/xdg-open: 882: x-www-browser: not found
/usr/bin/xdg-open: 882: firefox: not found
/usr/bin/xdg-open: 882: iceweasel: not found
/usr/bin/xdg-open: 882: seamonkey: not found
/usr/bin/xdg-open: 882: mozilla: not found
/usr/bin/xdg-open: 882: epiphany: not found
/usr/bin/xdg-open: 882: konqueror: not found
/usr/bin/xdg-open: 882: chromium: not found
/usr/bin/xdg-open: 882: chromium-browser: not found
/usr/bin/xdg-open: 882: google-chrome: not found
/usr/bin/xdg-open: 882: www-browser: not found
/usr/bin/xdg-open: 882: links2: not found
/usr/bin/xdg-open: 882: elinks: not found
/usr/bin/xdg-open: 882: links: not found
/usr/bin/xdg-open: 882: lynx: not found
/usr/bin/xdg-open: 882: w3m: not found
xdg-open: no method available for opening 'file:///home/root2/.local/share/jupyter/runtime/jpserver-1253399-open.html'
[I 2024-09-26 17:33:20.984 ServerApp] Skipped non-installed server(s): bash-language-server, dockerfile-language-server-nodejs, javascript-typescript-langserver, jedi-language-server, julia-language-server, pyright, python-language-server, python-lsp-server, r-languageserver, sql-language-server, texlab, typescript-language-server, unified-language-server, vscode-css-languageserver-bin, vscode-html-languageserver-bin, vscode-json-languageserver-bin, yaml-language-server
[W 2024-09-26 17:33:38.764 LabApp] Could not determine jupyterlab build status without nodejs
[W 2024-09-26 17:33:39.198 ServerApp] 404 GET /api/contents/Untitled2.ipynb?content=0&hash=0&1727339619395 (9fab5df47cfa4b8c9c128d00498d2097@127.0.0.1) 2.52ms referer=http://localhost:8888/lab
[W 2024-09-26 17:33:39.198 ServerApp] 404 GET /api/contents/Untitled2.ipynb?content=0&hash=0&1727339619395 (127.0.0.1): No such file or directory: Untitled2.ipynb
[W 2024-09-26 17:33:39.201 ServerApp] 404 GET /api/contents/Untitled2.ipynb?content=0&hash=0&1727339619393 (9fab5df47cfa4b8c9c128d00498d2097@127.0.0.1) 2.19ms referer=http://localhost:8888/lab
[W 2024-09-26 17:33:39.201 ServerApp] 404 GET /api/contents/Untitled2.ipynb?content=0&hash=0&1727339619393 (127.0.0.1): No such file or directory: Untitled2.ipynb
[W 2024-09-26 17:33:39.202 ServerApp] 404 GET /api/contents/Untitled1.ipynb?content=0&hash=0&1727339619394 (9fab5df47cfa4b8c9c128d00498d2097@127.0.0.1) 3.21ms referer=http://localhost:8888/lab
[W 2024-09-26 17:33:39.202 ServerApp] 404 GET /api/contents/Untitled1.ipynb?content=0&hash=0&1727339619394 (127.0.0.1): No such file or directory: Untitled1.ipynb
[W 2024-09-26 17:33:39.204 ServerApp] 404 GET /api/contents/Untitled.ipynb?content=0&hash=0&1727339619394 (9fab5df47cfa4b8c9c128d00498d2097@127.0.0.1) 4.36ms referer=http://localhost:8888/lab
[W 2024-09-26 17:33:39.204 ServerApp] 404 GET /api/contents/Untitled.ipynb?content=0&hash=0&1727339619394 (127.0.0.1): No such file or directory: Untitled.ipynb
[W 2024-09-26 17:33:39.206 ServerApp] 404 GET /api/contents/Untitled1.ipynb?content=0&hash=0&1727339619394 (9fab5df47cfa4b8c9c128d00498d2097@127.0.0.1) 2.00ms referer=http://localhost:8888/lab
[W 2024-09-26 17:33:39.206 ServerApp] 404 GET /api/contents/Untitled1.ipynb?content=0&hash=0&1727339619394 (127.0.0.1): No such file or directory: Untitled1.ipynb
[W 2024-09-26 17:33:39.208 ServerApp] 404 GET /api/contents/Untitled.ipynb?content=0&hash=0&1727339619395 (9fab5df47cfa4b8c9c128d00498d2097@127.0.0.1) 3.02ms referer=http://localhost:8888/lab
[W 2024-09-26 17:33:39.209 ServerApp] 404 GET /api/contents/Untitled.ipynb?content=0&hash=0&1727339619395 (127.0.0.1): No such file or directory: Untitled.ipynb
[I 2024-09-26 17:33:43.074 ServerApp] Creating new notebook in 
[I 2024-09-26 17:33:43.741 ServerApp] Kernel started: c36c64cc-32f7-43f1-b8b2-26471b63c3d6
[I 2024-09-26 17:33:45.109 ServerApp] Connecting to kernel c36c64cc-32f7-43f1-b8b2-26471b63c3d6.
[I 2024-09-26 17:33:45.125 ServerApp] Connecting to kernel c36c64cc-32f7-43f1-b8b2-26471b63c3d6.
[I 2024-09-26 17:33:45.154 ServerApp] Connecting to kernel c36c64cc-32f7-43f1-b8b2-26471b63c3d6.
[I 2024-09-26 17:35:43.877 ServerApp] Saving file at /Untitled.ipynb
[I 2024-09-26 17:37:44.244 ServerApp] Saving file at /Untitled.ipynb
[I 2024-09-26 17:39:08.471 ServerApp] Kernel restarted: c36c64cc-32f7-43f1-b8b2-26471b63c3d6
[I 2024-09-26 17:39:08.475 ServerApp] Starting buffering for c36c64cc-32f7-43f1-b8b2-26471b63c3d6:6ab3f101-35fe-4030-ad97-c12cbbb6b1b6
[I 2024-09-26 17:39:08.787 ServerApp] Connecting to kernel c36c64cc-32f7-43f1-b8b2-26471b63c3d6.
[I 2024-09-26 17:39:08.787 ServerApp] Restoring connection for c36c64cc-32f7-43f1-b8b2-26471b63c3d6:6ab3f101-35fe-4030-ad97-c12cbbb6b1b6
[I 2024-09-26 17:39:44.702 ServerApp] Saving file at /Untitled.ipynb
[I 2024-09-26 17:45:00.193 ServerApp] Kernel restarted: c36c64cc-32f7-43f1-b8b2-26471b63c3d6
[I 2024-09-26 17:45:00.198 ServerApp] Starting buffering for c36c64cc-32f7-43f1-b8b2-26471b63c3d6:6ab3f101-35fe-4030-ad97-c12cbbb6b1b6
[I 2024-09-26 17:45:00.502 ServerApp] Connecting to kernel c36c64cc-32f7-43f1-b8b2-26471b63c3d6.
[I 2024-09-26 17:45:00.502 ServerApp] Restoring connection for c36c64cc-32f7-43f1-b8b2-26471b63c3d6:6ab3f101-35fe-4030-ad97-c12cbbb6b1b6
[I 2024-09-26 17:45:46.797 ServerApp] Saving file at /Untitled.ipynb
[I 2024-09-26 17:49:48.254 ServerApp] Saving file at /Untitled.ipynb
[I 2024-09-26 17:51:48.318 ServerApp] Saving file at /Untitled.ipynb
[I 2024-09-26 17:53:49.100 ServerApp] Saving file at /Untitled.ipynb
[I 2024-09-26 17:57:09.101 ServerApp] Starting buffering for c36c64cc-32f7-43f1-b8b2-26471b63c3d6:6ab3f101-35fe-4030-ad97-c12cbbb6b1b6
pyenv: jupyter: command not found

The `jupyter' command exists in these Python versions:
  3.11.9/envs/note
  note

Note: See 'pyenv help global' for tips on allowing both
      python2 and python3 to be found.
[I 2024-09-27 09:02:35.035 ServerApp] jupyter_lsp | extension was successfully linked.
[I 2024-09-27 09:02:35.038 ServerApp] jupyter_server_terminals | extension was successfully linked.
[I 2024-09-27 09:02:35.040 ServerApp] jupyterlab | extension was successfully linked.
[I 2024-09-27 09:02:35.043 ServerApp] notebook | extension was successfully linked.
[I 2024-09-27 09:02:35.392 ServerApp] notebook_shim | extension was successfully linked.
[I 2024-09-27 09:02:35.418 ServerApp] notebook_shim | extension was successfully loaded.
[I 2024-09-27 09:02:35.420 ServerApp] jupyter_lsp | extension was successfully loaded.
[I 2024-09-27 09:02:35.420 ServerApp] jupyter_server_terminals | extension was successfully loaded.
[I 2024-09-27 09:02:35.428 LabApp] JupyterLab extension loaded from /home/root2/code/stdash/.venv/lib/python3.11/site-packages/jupyterlab
[I 2024-09-27 09:02:35.429 LabApp] JupyterLab application directory is /home/root2/code/stdash/.venv/share/jupyter/lab
[I 2024-09-27 09:02:35.429 LabApp] Extension Manager is 'pypi'.
[I 2024-09-27 09:02:35.451 ServerApp] jupyterlab | extension was successfully loaded.
[I 2024-09-27 09:02:35.453 ServerApp] notebook | extension was successfully loaded.
[I 2024-09-27 09:02:35.453 ServerApp] Serving notebooks from local directory: /home/root2/code/stdash/note
[I 2024-09-27 09:02:35.453 ServerApp] Jupyter Server 2.14.2 is running at:
[I 2024-09-27 09:02:35.453 ServerApp] http://localhost:8888/lab?token=ef5a76d63ca1f136155ed9d753a96000f4e89a32c4990865
[I 2024-09-27 09:02:35.453 ServerApp]     http://127.0.0.1:8888/lab?token=ef5a76d63ca1f136155ed9d753a96000f4e89a32c4990865
[I 2024-09-27 09:02:35.453 ServerApp] Use Control-C to stop this server and shut down all kernels (twice to skip confirmation).
[C 2024-09-27 09:02:35.725 ServerApp] 
    
    To access the server, open this file in a browser:
        file:///home/root2/.local/share/jupyter/runtime/jpserver-3336-open.html
    Or copy and paste one of these URLs:
        http://localhost:8888/lab?token=ef5a76d63ca1f136155ed9d753a96000f4e89a32c4990865
        http://127.0.0.1:8888/lab?token=ef5a76d63ca1f136155ed9d753a96000f4e89a32c4990865
WARNING: You don't seem to have any mimeinfo.cache files.
Try running the update-desktop-database command. If you
don't have this command you should install the
desktop-file-utils package. This package is available from
http://freedesktop.org/wiki/Software/desktop-file-utils/
No applications found for mimetype: text/html
./usr/bin/xdg-open: 882: x-www-browser: not found
/usr/bin/xdg-open: 882: firefox: not found
/usr/bin/xdg-open: 882: iceweasel: not found
/usr/bin/xdg-open: 882: seamonkey: not found
/usr/bin/xdg-open: 882: mozilla: not found
/usr/bin/xdg-open: 882: epiphany: not found
/usr/bin/xdg-open: 882: konqueror: not found
/usr/bin/xdg-open: 882: chromium: not found
/usr/bin/xdg-open: 882: chromium-browser: not found
/usr/bin/xdg-open: 882: google-chrome: not found
/usr/bin/xdg-open: 882: www-browser: not found
/usr/bin/xdg-open: 882: links2: not found
/usr/bin/xdg-open: 882: elinks: not found
/usr/bin/xdg-open: 882: links: not found
/usr/bin/xdg-open: 882: lynx: not found
/usr/bin/xdg-open: 882: w3m: not found
xdg-open: no method available for opening 'file:///home/root2/.local/share/jupyter/runtime/jpserver-3336-open.html'
[I 2024-09-27 09:02:36.661 ServerApp] Skipped non-installed server(s): bash-language-server, dockerfile-language-server-nodejs, javascript-typescript-langserver, jedi-language-server, julia-language-server, pyright, python-language-server, python-lsp-server, r-languageserver, sql-language-server, texlab, typescript-language-server, unified-language-server, vscode-css-languageserver-bin, vscode-html-languageserver-bin, vscode-json-languageserver-bin, yaml-language-server
[W 2024-09-27 09:02:51.775 LabApp] Could not determine jupyterlab build status without nodejs
[I 2024-09-27 09:02:52.701 ServerApp] Kernel started: f6121e5d-9f55-46e4-aaa0-4edaf68773ee
[I 2024-09-27 09:02:53.217 ServerApp] Connecting to kernel f6121e5d-9f55-46e4-aaa0-4edaf68773ee.
[I 2024-09-27 09:02:53.231 ServerApp] Connecting to kernel f6121e5d-9f55-46e4-aaa0-4edaf68773ee.
[I 2024-09-27 09:02:53.248 ServerApp] Connecting to kernel f6121e5d-9f55-46e4-aaa0-4edaf68773ee.
[I 2024-09-27 09:04:52.705 ServerApp] Saving file at /Untitled.ipynb
[I 2024-09-27 09:06:52.754 ServerApp] Saving file at /Untitled.ipynb
[I 2024-09-27 09:08:53.765 ServerApp] Saving file at /Untitled.ipynb
[I 2024-09-27 09:10:54.735 ServerApp] Saving file at /Untitled.ipynb
[I 2024-09-27 09:20:58.704 ServerApp] Saving file at /Untitled.ipynb
[I 2024-09-27 09:22:58.825 ServerApp] Saving file at /Untitled.ipynb
[I 2024-09-27 09:24:59.745 ServerApp] Saving file at /Untitled.ipynb
